# JRE version: Java(TM) SE Runtime Environment (11.0+28) (build 11+28)
# Java VM: Java HotSpot(TM) 64-Bit Server VM (11+28, mixed mode, tiered, compressed oops, g1 gc, windows-amd64)
Heap:
 garbage-first heap   total 260096K, used 52941K [0x0000000702600000, 0x0000000800000000)
  region size 1024K, 45 young (46080K), 9 survivors (9216K)
 Metaspace       used 37273K, capacity 38272K, committed 38476K, reserved 1083392K
  class space    used 4483K, capacity 4878K, committed 4940K, reserved 1048576K
GC Heap History (10 events):
Event: 0.594 GC heap before
{Heap before GC invocations=0 (full 0):
 garbage-first heap   total 260096K, used 23552K [0x0000000702600000, 0x0000000800000000)
  region size 1024K, 24 young (24576K), 0 survivors (0K)
 Metaspace       used 10995K, capacity 11396K, committed 11520K, reserved 1058816K
  class space    used 1125K, capacity 1272K, committed 1280K, reserved 1048576K
}
Event: 0.598 GC heap after
{Heap after GC invocations=1 (full 0):
 garbage-first heap   total 260096K, used 6297K [0x0000000702600000, 0x0000000800000000)
  region size 1024K, 3 young (3072K), 3 survivors (3072K)
 Metaspace       used 10995K, capacity 11396K, committed 11520K, reserved 1058816K
  class space    used 1125K, capacity 1272K, committed 1280K, reserved 1048576K
}
Event: 1.631 GC heap before
{Heap before GC invocations=1 (full 0):
 garbage-first heap   total 260096K, used 56473K [0x0000000702600000, 0x0000000800000000)
  region size 1024K, 53 young (54272K), 3 survivors (3072K)
 Metaspace       used 20597K, capacity 21178K, committed 21248K, reserved 1069056K
  class space    used 2296K, capacity 2521K, committed 2560K, reserved 1048576K
}
Event: 1.636 GC heap after
{Heap after GC invocations=2 (full 0):
 garbage-first heap   total 260096K, used 8730K [0x0000000702600000, 0x0000000800000000)
  region size 1024K, 6 young (6144K), 6 survivors (6144K)
 Metaspace       used 20597K, capacity 21178K, committed 21248K, reserved 1069056K
  class space    used 2296K, capacity 2521K, committed 2560K, reserved 1048576K
}
Event: 1.964 GC heap before
{Heap before GC invocations=3 (full 0):
 garbage-first heap   total 260096K, used 48666K [0x0000000702600000, 0x0000000800000000)
  region size 1024K, 45 young (46080K), 6 survivors (6144K)
 Metaspace       used 26516K, capacity 27248K, committed 27392K, reserved 1073152K
  class space    used 3016K, capacity 3312K, committed 3328K, reserved 1048576K
}
Event: 1.968 GC heap after
{Heap after GC invocations=4 (full 0):
 garbage-first heap   total 260096K, used 10073K [0x0000000702600000, 0x0000000800000000)
  region size 1024K, 4 young (4096K), 4 survivors (4096K)
 Metaspace       used 26516K, capacity 27248K, committed 27392K, reserved 1073152K
  class space    used 3016K, capacity 3312K, committed 3328K, reserved 1048576K
}
Event: 3.028 GC heap before
{Heap before GC invocations=4 (full 0):
 garbage-first heap   total 260096K, used 80729K [0x0000000702600000, 0x0000000800000000)
  region size 1024K, 74 young (75776K), 4 survivors (4096K)
 Metaspace       used 29082K, capacity 29930K, committed 30080K, reserved 1075200K
  class space    used 3288K, capacity 3611K, committed 3712K, reserved 1048576K
}
Event: 3.033 GC heap after
{Heap after GC invocations=5 (full 0):
 garbage-first heap   total 260096K, used 13908K [0x0000000702600000, 0x0000000800000000)
  region size 1024K, 8 young (8192K), 8 survivors (8192K)
 Metaspace       used 29082K, capacity 29930K, committed 30080K, reserved 1075200K
  class space    used 3288K, capacity 3611K, committed 3712K, reserved 1048576K
}
Event: 3.905 GC heap before
{Heap before GC invocations=5 (full 0):
 garbage-first heap   total 260096K, used 84564K [0x0000000702600000, 0x0000000800000000)
  region size 1024K, 78 young (79872K), 8 survivors (8192K)
 Metaspace       used 34952K, capacity 35805K, committed 35840K, reserved 1081344K
  class space    used 4223K, capacity 4580K, committed 4608K, reserved 1048576K
}
Event: 3.918 GC heap after
{Heap after GC invocations=6 (full 0):
 garbage-first heap   total 260096K, used 17101K [0x0000000702600000, 0x0000000800000000)
  region size 1024K, 9 young (9216K), 9 survivors (9216K)
 Metaspace       used 34952K, capacity 35805K, committed 35840K, reserved 1081344K
  class space    used 4223K, capacity 4580K, committed 4608K, reserved 1048576K
}

